[1.281s] DEBUG:colcon:Command line arguments: ['/usr/bin/colcon', 'build', '--symlink-install']
[1.282s] DEBUG:colcon:Parsed command line arguments: Namespace(allow_overriding=[], ament_cmake_args=None, base_paths=['.'], build_base='build', catkin_cmake_args=None, catkin_skip_building_tests=False, cmake_args=None, cmake_clean_cache=False, cmake_clean_first=False, cmake_force_configure=False, cmake_target=None, cmake_target_skip_unavailable=False, continue_on_error=False, event_handlers=None, executor='parallel', ignore_user_meta=False, install_base='install', log_base=None, log_level=None, main=<bound method BuildVerb.main of <colcon_core.verb.build.BuildVerb object at 0x7fb0063a20>>, merge_install=False, metas=['./colcon.meta'], packages_above=None, packages_above_and_dependencies=None, packages_above_depth=None, packages_end=None, packages_ignore=None, packages_ignore_regex=None, packages_select=None, packages_select_build_failed=False, packages_select_by_dep=None, packages_select_regex=None, packages_select_test_failures=False, packages_skip=None, packages_skip_build_finished=False, packages_skip_by_dep=None, packages_skip_regex=None, packages_skip_test_passed=False, packages_skip_up_to=None, packages_start=None, packages_up_to=None, packages_up_to_regex=None, parallel_workers=4, paths=None, symlink_install=True, test_result_base=None, verb_extension=<colcon_core.verb.build.BuildVerb object at 0x7fb0063a20>, verb_name='build', verb_parser=<colcon_defaults.argument_parser.defaults.DefaultArgumentsDecorator object at 0x7fb0063d30>)
[1.354s] Level 1:colcon.colcon_core.package_discovery:discover_packages(colcon_meta) check parameters
[1.355s] Level 1:colcon.colcon_core.package_discovery:discover_packages(recursive) check parameters
[1.356s] Level 1:colcon.colcon_core.package_discovery:discover_packages(ignore) check parameters
[1.356s] Level 1:colcon.colcon_core.package_discovery:discover_packages(path) check parameters
[1.356s] Level 1:colcon.colcon_core.package_discovery:discover_packages(colcon_meta) discover
[1.357s] Level 1:colcon.colcon_core.package_discovery:discover_packages(recursive) discover
[1.358s] INFO:colcon.colcon_core.package_discovery:Crawling recursively for packages in '/home/pi/master_var_2022/ROS2-ENTITY/ros2'
[1.359s] Level 1:colcon.colcon_core.package_identification:_identify(.) by extensions ['ignore', 'ignore_ament_install']
[1.361s] Level 1:colcon.colcon_core.package_identification:_identify(.) by extension 'ignore'
[1.362s] Level 1:colcon.colcon_core.package_identification:_identify(.) by extension 'ignore_ament_install'
[1.363s] Level 1:colcon.colcon_core.package_identification:_identify(.) by extensions ['colcon_pkg']
[1.364s] Level 1:colcon.colcon_core.package_identification:_identify(.) by extension 'colcon_pkg'
[1.364s] Level 1:colcon.colcon_core.package_identification:_identify(.) by extensions ['colcon_meta']
[1.365s] Level 1:colcon.colcon_core.package_identification:_identify(.) by extension 'colcon_meta'
[1.365s] Level 1:colcon.colcon_core.package_identification:_identify(.) by extensions ['ros']
[1.365s] Level 1:colcon.colcon_core.package_identification:_identify(.) by extension 'ros'
[1.760s] Level 1:colcon.colcon_core.package_identification:_identify(.) by extensions ['cmake', 'python']
[1.760s] Level 1:colcon.colcon_core.package_identification:_identify(.) by extension 'cmake'
[1.761s] Level 1:colcon.colcon_core.package_identification:_identify(.) by extension 'python'
[1.761s] Level 1:colcon.colcon_core.package_identification:_identify(.) by extensions ['python_setup_py']
[1.761s] Level 1:colcon.colcon_core.package_identification:_identify(.) by extension 'python_setup_py'
[1.762s] Level 1:colcon.colcon_core.package_identification:_identify(build) by extensions ['ignore', 'ignore_ament_install']
[1.762s] Level 1:colcon.colcon_core.package_identification:_identify(build) by extension 'ignore'
[1.762s] Level 1:colcon.colcon_core.package_identification:_identify(build) ignored
[1.763s] Level 1:colcon.colcon_core.package_identification:_identify(install) by extensions ['ignore', 'ignore_ament_install']
[1.764s] Level 1:colcon.colcon_core.package_identification:_identify(install) by extension 'ignore'
[1.764s] Level 1:colcon.colcon_core.package_identification:_identify(install) ignored
[1.764s] Level 1:colcon.colcon_core.package_identification:_identify(kmr_communication) by extensions ['ignore', 'ignore_ament_install']
[1.765s] Level 1:colcon.colcon_core.package_identification:_identify(kmr_communication) by extension 'ignore'
[1.765s] Level 1:colcon.colcon_core.package_identification:_identify(kmr_communication) by extension 'ignore_ament_install'
[1.766s] Level 1:colcon.colcon_core.package_identification:_identify(kmr_communication) by extensions ['colcon_pkg']
[1.766s] Level 1:colcon.colcon_core.package_identification:_identify(kmr_communication) by extension 'colcon_pkg'
[1.766s] Level 1:colcon.colcon_core.package_identification:_identify(kmr_communication) by extensions ['colcon_meta']
[1.766s] Level 1:colcon.colcon_core.package_identification:_identify(kmr_communication) by extension 'colcon_meta'
[1.766s] Level 1:colcon.colcon_core.package_identification:_identify(kmr_communication) by extensions ['ros']
[1.767s] Level 1:colcon.colcon_core.package_identification:_identify(kmr_communication) by extension 'ros'
[1.767s] Level 1:colcon.colcon_core.package_identification:_identify(kmr_communication) by extensions ['cmake', 'python']
[1.768s] Level 1:colcon.colcon_core.package_identification:_identify(kmr_communication) by extension 'cmake'
[1.768s] Level 1:colcon.colcon_core.package_identification:_identify(kmr_communication) by extension 'python'
[1.768s] Level 1:colcon.colcon_core.package_identification:_identify(kmr_communication) by extensions ['python_setup_py']
[1.768s] Level 1:colcon.colcon_core.package_identification:_identify(kmr_communication) by extension 'python_setup_py'
[1.769s] Level 1:colcon.colcon_core.package_identification:_identify(kmr_communication/kmr_communication) by extensions ['ignore', 'ignore_ament_install']
[1.769s] Level 1:colcon.colcon_core.package_identification:_identify(kmr_communication/kmr_communication) by extension 'ignore'
[1.770s] Level 1:colcon.colcon_core.package_identification:_identify(kmr_communication/kmr_communication) by extension 'ignore_ament_install'
[1.770s] Level 1:colcon.colcon_core.package_identification:_identify(kmr_communication/kmr_communication) by extensions ['colcon_pkg']
[1.770s] Level 1:colcon.colcon_core.package_identification:_identify(kmr_communication/kmr_communication) by extension 'colcon_pkg'
[1.770s] Level 1:colcon.colcon_core.package_identification:_identify(kmr_communication/kmr_communication) by extensions ['colcon_meta']
[1.771s] Level 1:colcon.colcon_core.package_identification:_identify(kmr_communication/kmr_communication) by extension 'colcon_meta'
[1.771s] Level 1:colcon.colcon_core.package_identification:_identify(kmr_communication/kmr_communication) by extensions ['ros']
[1.771s] Level 1:colcon.colcon_core.package_identification:_identify(kmr_communication/kmr_communication) by extension 'ros'
[1.772s] Level 1:colcon.colcon_core.package_identification:_identify(kmr_communication/kmr_communication) by extensions ['cmake', 'python']
[1.772s] Level 1:colcon.colcon_core.package_identification:_identify(kmr_communication/kmr_communication) by extension 'cmake'
[1.772s] Level 1:colcon.colcon_core.package_identification:_identify(kmr_communication/kmr_communication) by extension 'python'
[1.772s] Level 1:colcon.colcon_core.package_identification:_identify(kmr_communication/kmr_communication) by extensions ['python_setup_py']
[1.773s] Level 1:colcon.colcon_core.package_identification:_identify(kmr_communication/kmr_communication) by extension 'python_setup_py'
[1.773s] Level 1:colcon.colcon_core.package_identification:_identify(kmr_communication/kmr_communication/config) by extensions ['ignore', 'ignore_ament_install']
[1.774s] Level 1:colcon.colcon_core.package_identification:_identify(kmr_communication/kmr_communication/config) by extension 'ignore'
[1.774s] Level 1:colcon.colcon_core.package_identification:_identify(kmr_communication/kmr_communication/config) by extension 'ignore_ament_install'
[1.774s] Level 1:colcon.colcon_core.package_identification:_identify(kmr_communication/kmr_communication/config) by extensions ['colcon_pkg']
[1.774s] Level 1:colcon.colcon_core.package_identification:_identify(kmr_communication/kmr_communication/config) by extension 'colcon_pkg'
[1.775s] Level 1:colcon.colcon_core.package_identification:_identify(kmr_communication/kmr_communication/config) by extensions ['colcon_meta']
[1.775s] Level 1:colcon.colcon_core.package_identification:_identify(kmr_communication/kmr_communication/config) by extension 'colcon_meta'
[1.775s] Level 1:colcon.colcon_core.package_identification:_identify(kmr_communication/kmr_communication/config) by extensions ['ros']
[1.776s] Level 1:colcon.colcon_core.package_identification:_identify(kmr_communication/kmr_communication/config) by extension 'ros'
[1.776s] Level 1:colcon.colcon_core.package_identification:_identify(kmr_communication/kmr_communication/config) by extensions ['cmake', 'python']
[1.776s] Level 1:colcon.colcon_core.package_identification:_identify(kmr_communication/kmr_communication/config) by extension 'cmake'
[1.776s] Level 1:colcon.colcon_core.package_identification:_identify(kmr_communication/kmr_communication/config) by extension 'python'
[1.777s] Level 1:colcon.colcon_core.package_identification:_identify(kmr_communication/kmr_communication/config) by extensions ['python_setup_py']
[1.777s] Level 1:colcon.colcon_core.package_identification:_identify(kmr_communication/kmr_communication/config) by extension 'python_setup_py'
[1.777s] Level 1:colcon.colcon_core.package_identification:_identify(kmr_communication/kmr_communication/launch) by extensions ['ignore', 'ignore_ament_install']
[1.778s] Level 1:colcon.colcon_core.package_identification:_identify(kmr_communication/kmr_communication/launch) by extension 'ignore'
[1.778s] Level 1:colcon.colcon_core.package_identification:_identify(kmr_communication/kmr_communication/launch) by extension 'ignore_ament_install'
[1.778s] Level 1:colcon.colcon_core.package_identification:_identify(kmr_communication/kmr_communication/launch) by extensions ['colcon_pkg']
[1.779s] Level 1:colcon.colcon_core.package_identification:_identify(kmr_communication/kmr_communication/launch) by extension 'colcon_pkg'
[1.779s] Level 1:colcon.colcon_core.package_identification:_identify(kmr_communication/kmr_communication/launch) by extensions ['colcon_meta']
[1.779s] Level 1:colcon.colcon_core.package_identification:_identify(kmr_communication/kmr_communication/launch) by extension 'colcon_meta'
[1.779s] Level 1:colcon.colcon_core.package_identification:_identify(kmr_communication/kmr_communication/launch) by extensions ['ros']
[1.780s] Level 1:colcon.colcon_core.package_identification:_identify(kmr_communication/kmr_communication/launch) by extension 'ros'
[1.780s] Level 1:colcon.colcon_core.package_identification:_identify(kmr_communication/kmr_communication/launch) by extensions ['cmake', 'python']
[1.780s] Level 1:colcon.colcon_core.package_identification:_identify(kmr_communication/kmr_communication/launch) by extension 'cmake'
[1.781s] Level 1:colcon.colcon_core.package_identification:_identify(kmr_communication/kmr_communication/launch) by extension 'python'
[1.781s] Level 1:colcon.colcon_core.package_identification:_identify(kmr_communication/kmr_communication/launch) by extensions ['python_setup_py']
[1.781s] Level 1:colcon.colcon_core.package_identification:_identify(kmr_communication/kmr_communication/launch) by extension 'python_setup_py'
[1.782s] Level 1:colcon.colcon_core.package_identification:_identify(kmr_communication/kmr_communication/nodes) by extensions ['ignore', 'ignore_ament_install']
[1.782s] Level 1:colcon.colcon_core.package_identification:_identify(kmr_communication/kmr_communication/nodes) by extension 'ignore'
[1.782s] Level 1:colcon.colcon_core.package_identification:_identify(kmr_communication/kmr_communication/nodes) by extension 'ignore_ament_install'
[1.783s] Level 1:colcon.colcon_core.package_identification:_identify(kmr_communication/kmr_communication/nodes) by extensions ['colcon_pkg']
[1.783s] Level 1:colcon.colcon_core.package_identification:_identify(kmr_communication/kmr_communication/nodes) by extension 'colcon_pkg'
[1.783s] Level 1:colcon.colcon_core.package_identification:_identify(kmr_communication/kmr_communication/nodes) by extensions ['colcon_meta']
[1.783s] Level 1:colcon.colcon_core.package_identification:_identify(kmr_communication/kmr_communication/nodes) by extension 'colcon_meta'
[1.784s] Level 1:colcon.colcon_core.package_identification:_identify(kmr_communication/kmr_communication/nodes) by extensions ['ros']
[1.784s] Level 1:colcon.colcon_core.package_identification:_identify(kmr_communication/kmr_communication/nodes) by extension 'ros'
[1.784s] Level 1:colcon.colcon_core.package_identification:_identify(kmr_communication/kmr_communication/nodes) by extensions ['cmake', 'python']
[1.785s] Level 1:colcon.colcon_core.package_identification:_identify(kmr_communication/kmr_communication/nodes) by extension 'cmake'
[1.785s] Level 1:colcon.colcon_core.package_identification:_identify(kmr_communication/kmr_communication/nodes) by extension 'python'
[1.785s] Level 1:colcon.colcon_core.package_identification:_identify(kmr_communication/kmr_communication/nodes) by extensions ['python_setup_py']
[1.785s] Level 1:colcon.colcon_core.package_identification:_identify(kmr_communication/kmr_communication/nodes) by extension 'python_setup_py'
[1.786s] Level 1:colcon.colcon_core.package_identification:_identify(log) by extensions ['ignore', 'ignore_ament_install']
[1.786s] Level 1:colcon.colcon_core.package_identification:_identify(log) by extension 'ignore'
[1.786s] Level 1:colcon.colcon_core.package_identification:_identify(log) ignored
[1.787s] Level 1:colcon.colcon_core.package_discovery:discover_packages(recursive) using defaults
[1.787s] Level 1:colcon.colcon_core.package_discovery:discover_packages(ignore) discover
[1.787s] Level 1:colcon.colcon_core.package_discovery:discover_packages(ignore) using defaults
[1.787s] Level 1:colcon.colcon_core.package_discovery:discover_packages(path) discover
[1.787s] Level 1:colcon.colcon_core.package_discovery:discover_packages(path) using defaults
[2.113s] INFO:colcon.colcon_core.executor:Executing jobs using 'parallel' executor
[2.127s] DEBUG:colcon.colcon_parallel_executor.executor.parallel:run_until_complete
[2.128s] DEBUG:colcon.colcon_parallel_executor.executor.parallel:closing loop
[2.129s] DEBUG:colcon.colcon_parallel_executor.executor.parallel:loop closed
[2.129s] DEBUG:colcon.colcon_parallel_executor.executor.parallel:run_until_complete finished with '0'
[2.129s] DEBUG:colcon.colcon_core.event_reactor:joining thread
[2.193s] INFO:colcon.colcon_core.plugin_system:Skipping extension 'colcon_notification.desktop_notification.notify_send': Could not find 'notify-send'
[2.193s] INFO:colcon.colcon_core.plugin_system:Skipping extension 'colcon_notification.desktop_notification.terminal_notifier': Not used on non-Darwin systems
[2.194s] INFO:colcon.colcon_core.plugin_system:Skipping extension 'colcon_notification.desktop_notification.win32': Not used on non-Windows systems
[2.194s] INFO:colcon.colcon_notification.desktop_notification:Sending desktop notification using 'notify2'
[2.197s] DEBUG:colcon.colcon_notification.desktop_notification.notify2:Failed to initialize notify2: org.freedesktop.DBus.Error.ServiceUnknown: The name org.freedesktop.Notifications was not provided by any .service files
[2.197s] DEBUG:colcon.colcon_core.event_reactor:joined thread
[2.234s] INFO:colcon.colcon_core.plugin_system:Skipping extension 'colcon_core.shell.bat': Not used on non-Windows systems
[2.235s] INFO:colcon.colcon_core.shell:Creating prefix script '/home/pi/master_var_2022/ROS2-ENTITY/ros2/install/local_setup.ps1'
[2.240s] INFO:colcon.colcon_core.shell:Creating prefix util module '/home/pi/master_var_2022/ROS2-ENTITY/ros2/install/_local_setup_util_ps1.py'
[2.248s] INFO:colcon.colcon_core.shell:Creating prefix chain script '/home/pi/master_var_2022/ROS2-ENTITY/ros2/install/setup.ps1'
[2.308s] INFO:colcon.colcon_core.shell:Creating prefix script '/home/pi/master_var_2022/ROS2-ENTITY/ros2/install/local_setup.sh'
[2.311s] INFO:colcon.colcon_core.shell:Creating prefix util module '/home/pi/master_var_2022/ROS2-ENTITY/ros2/install/_local_setup_util_sh.py'
[2.313s] INFO:colcon.colcon_core.shell:Creating prefix chain script '/home/pi/master_var_2022/ROS2-ENTITY/ros2/install/setup.sh'
[2.373s] INFO:colcon.colcon_core.shell:Creating prefix script '/home/pi/master_var_2022/ROS2-ENTITY/ros2/install/local_setup.bash'
[2.375s] INFO:colcon.colcon_core.shell:Creating prefix chain script '/home/pi/master_var_2022/ROS2-ENTITY/ros2/install/setup.bash'
[2.434s] INFO:colcon.colcon_core.shell:Creating prefix script '/home/pi/master_var_2022/ROS2-ENTITY/ros2/install/local_setup.zsh'
[2.437s] INFO:colcon.colcon_core.shell:Creating prefix chain script '/home/pi/master_var_2022/ROS2-ENTITY/ros2/install/setup.zsh'
